生成启动时间为 2018/12/21 22:33:26。
     1>项目“E:\program\github\Sophomore---c-\bmp_read\bmp_read\bmp_read.vcxproj”在节点 2 上(build 个目标)。
     1>InitializeBuildStatus:
         正在创建“Debug\bmp_read.unsuccessfulbuild”，因为已指定“AlwaysCreate”。
       ClCompile:
         所有输出均为最新。
         f:\VS\VC\bin\CL.exe /c /ZI /nologo /W3 /WX- /Od /Oy- /D WIN32 /D _DEBUG /D _CONSOLE /D _UNICODE /D UNICODE /Gm /EHsc /RTC1 /MDd /GS /fp:precise /Zc:wchar_t /Zc:forScope /Yu"StdAfx.h" /Fp"Debug\bmp_read.pch" /Fo"Debug\\" /Fd"Debug\vc100.pdb" /Gd /TP /analyze- /errorReport:prompt bmp_read.cpp
         bmp_read.cpp
       ManifestResourceCompile:
         所有输出均为最新。
       Link:
         f:\VS\VC\bin\link.exe /ERRORREPORT:PROMPT /OUT:"E:\program\github\Sophomore---c-\bmp_read\Debug\bmp_read.exe" /INCREMENTAL /NOLOGO kernel32.lib user32.lib gdi32.lib winspool.lib comdlg32.lib advapi32.lib shell32.lib ole32.lib oleaut32.lib uuid.lib odbc32.lib odbccp32.lib /MANIFEST /ManifestFile:"Debug\bmp_read.exe.intermediate.manifest" /MANIFESTUAC:"level='asInvoker' uiAccess='false'" /DEBUG /PDB:"E:\program\github\Sophomore---c-\bmp_read\Debug\bmp_read.pdb" /SUBSYSTEM:CONSOLE /TLBID:1 /DYNAMICBASE /NXCOMPAT /IMPLIB:"E:\program\github\Sophomore---c-\bmp_read\Debug\bmp_read.lib" /MACHINE:X86 Debug\bmp_read.exe.embed.manifest.res
         Debug\bmp_read.obj
         Debug\stdafx.obj
       Manifest:
         C:\Program Files (x86)\Microsoft SDKs\Windows\v7.0A\bin\mt.exe /nologo /verbose /out:"Debug\bmp_read.exe.embed.manifest" /manifest Debug\bmp_read.exe.intermediate.manifest
         所有输出均为最新。
       LinkEmbedManifest:
         所有输出均为最新。
         bmp_read.vcxproj -> E:\program\github\Sophomore---c-\bmp_read\Debug\bmp_read.exe
       FinalizeBuildStatus:
         正在删除文件“Debug\bmp_read.unsuccessfulbuild”。
         正在对“Debug\bmp_read.lastbuildstate”执行 Touch 任务。
     1>已完成生成项目“E:\program\github\Sophomore---c-\bmp_read\bmp_read\bmp_read.vcxproj”(build 个目标)的操作。

生成成功。

已用时间 00:00:01.49
