生成启动时间为 2018/12/25 16:16:07。
     1>项目“E:\program\github\Sophomore---c-\大整数类\大整数类\大整数类.vcxproj”在节点 2 上(build 个目标)。
     1>InitializeBuildStatus:
         正在创建“Debug\大整数类.unsuccessfulbuild”，因为已指定“AlwaysCreate”。
       ClCompile:
         所有输出均为最新。
         f:\VS\VC\bin\CL.exe /c /ZI /nologo /W3 /WX- /Od /Oy- /D WIN32 /D _DEBUG /D _CONSOLE /D _UNICODE /D UNICODE /Gm /EHsc /RTC1 /MDd /GS /fp:precise /Zc:wchar_t /Zc:forScope /Yu"StdAfx.h" /Fp"Debug\大整数类.pch" /Fo"Debug\\" /Fd"Debug\vc100.pdb" /Gd /TP /analyze- /errorReport:prompt "大整数类.cpp"
         大整数类.cpp
     1>e:\program\github\sophomore---c-\大整数类\大整数类\大整数类.cpp(63): warning C4996: 'sscanf': This function or variable may be unsafe. Consider using sscanf_s instead. To disable deprecation, use _CRT_SECURE_NO_WARNINGS. See online help for details.
                 f:\vs\vc\include\stdio.h(325) : 参见“sscanf”的声明
     1>e:\program\github\sophomore---c-\大整数类\大整数类\大整数类.cpp(75): warning C4996: 'sscanf': This function or variable may be unsafe. Consider using sscanf_s instead. To disable deprecation, use _CRT_SECURE_NO_WARNINGS. See online help for details.
                 f:\vs\vc\include\stdio.h(325) : 参见“sscanf”的声明
     1>e:\program\github\sophomore---c-\大整数类\大整数类\大整数类.cpp(131): warning C4018: “>=”: 有符号/无符号不匹配
     1>e:\program\github\sophomore---c-\大整数类\大整数类\大整数类.cpp(131): warning C4018: “>=”: 有符号/无符号不匹配
     1>e:\program\github\sophomore---c-\大整数类\大整数类\大整数类.cpp(133): warning C4018: “<”: 有符号/无符号不匹配
     1>e:\program\github\sophomore---c-\大整数类\大整数类\大整数类.cpp(134): warning C4018: “<”: 有符号/无符号不匹配
     1>e:\program\github\sophomore---c-\大整数类\大整数类\大整数类.cpp(166): warning C4018: “>=”: 有符号/无符号不匹配
     1>e:\program\github\sophomore---c-\大整数类\大整数类\大整数类.cpp(166): warning C4018: “>=”: 有符号/无符号不匹配
     1>e:\program\github\sophomore---c-\大整数类\大整数类\大整数类.cpp(169): warning C4018: “<”: 有符号/无符号不匹配
     1>e:\program\github\sophomore---c-\大整数类\大整数类\大整数类.cpp(170): warning C4018: “<”: 有符号/无符号不匹配
     1>e:\program\github\sophomore---c-\大整数类\大整数类\大整数类.cpp(175): warning C4244: “+=”: 从“double”转换到“int”，可能丢失数据
     1>e:\program\github\sophomore---c-\大整数类\大整数类\大整数类.cpp(185): warning C4018: “>=”: 有符号/无符号不匹配
     1>e:\program\github\sophomore---c-\大整数类\大整数类\大整数类.cpp(185): warning C4018: “>=”: 有符号/无符号不匹配
     1>e:\program\github\sophomore---c-\大整数类\大整数类\大整数类.cpp(188): warning C4018: “<”: 有符号/无符号不匹配
     1>e:\program\github\sophomore---c-\大整数类\大整数类\大整数类.cpp(189): warning C4018: “<”: 有符号/无符号不匹配
     1>e:\program\github\sophomore---c-\大整数类\大整数类\大整数类.cpp(193): warning C4244: “+=”: 从“double”转换到“int”，可能丢失数据
     1>e:\program\github\sophomore---c-\大整数类\大整数类\大整数类.cpp(153): warning C4715: “Doublelong::Judge”: 不是所有的控件路径都返回值
       ManifestResourceCompile:
         所有输出均为最新。
       Link:
         f:\VS\VC\bin\link.exe /ERRORREPORT:PROMPT /OUT:"E:\program\github\Sophomore---c-\大整数类\Debug\大整数类.exe" /INCREMENTAL /NOLOGO kernel32.lib user32.lib gdi32.lib winspool.lib comdlg32.lib advapi32.lib shell32.lib ole32.lib oleaut32.lib uuid.lib odbc32.lib odbccp32.lib /MANIFEST /ManifestFile:"Debug\大整数类.exe.intermediate.manifest" /MANIFESTUAC:"level='asInvoker' uiAccess='false'" /DEBUG /PDB:"E:\program\github\Sophomore---c-\大整数类\Debug\大整数类.pdb" /SUBSYSTEM:CONSOLE /TLBID:1 /DYNAMICBASE /NXCOMPAT /IMPLIB:"E:\program\github\Sophomore---c-\大整数类\Debug\大整数类.lib" /MACHINE:X86 "Debug\大整数类.exe.embed.manifest.res"
         Debug\stdafx.obj
         "Debug\大整数类.obj"
       Manifest:
         C:\Program Files (x86)\Microsoft SDKs\Windows\v7.0A\bin\mt.exe /nologo /verbose /out:"Debug\大整数类.exe.embed.manifest" /manifest "Debug\大整数类.exe.intermediate.manifest"
         所有输出均为最新。
       LinkEmbedManifest:
         所有输出均为最新。
         大整数类.vcxproj -> E:\program\github\Sophomore---c-\大整数类\Debug\大整数类.exe
       FinalizeBuildStatus:
         正在删除文件“Debug\大整数类.unsuccessfulbuild”。
         正在对“Debug\大整数类.lastbuildstate”执行 Touch 任务。
     1>已完成生成项目“E:\program\github\Sophomore---c-\大整数类\大整数类\大整数类.vcxproj”(build 个目标)的操作。

生成成功。

已用时间 00:00:01.75
