E:\PROGRAM\GITHUB\SOPHOMORE---C-\大整数类\DEBUG\大整数类.EXE
E:\PROGRAM\GITHUB\SOPHOMORE---C-\大整数类\DEBUG\大整数类.ILK
E:\PROGRAM\GITHUB\SOPHOMORE---C-\大整数类\DEBUG\大整数类.PDB
E:\program\github\Sophomore---c-\大整数类\大整数类\Debug\cl.command.1.tlog
E:\program\github\Sophomore---c-\大整数类\大整数类\Debug\CL.read.1.tlog
E:\program\github\Sophomore---c-\大整数类\大整数类\Debug\CL.write.1.tlog
E:\program\github\Sophomore---c-\大整数类\大整数类\Debug\link.14324.read.1.tlog
E:\program\github\Sophomore---c-\大整数类\大整数类\Debug\link.14324.write.1.tlog
E:\program\github\Sophomore---c-\大整数类\大整数类\Debug\link.14324-cvtres.read.1.tlog
E:\program\github\Sophomore---c-\大整数类\大整数类\Debug\link.14324-cvtres.write.1.tlog
E:\program\github\Sophomore---c-\大整数类\大整数类\Debug\link.14848.read.1.tlog
E:\program\github\Sophomore---c-\大整数类\大整数类\Debug\link.14848.write.1.tlog
E:\program\github\Sophomore---c-\大整数类\大整数类\Debug\link.14848-cvtres.read.1.tlog
E:\program\github\Sophomore---c-\大整数类\大整数类\Debug\link.14848-cvtres.write.1.tlog
E:\program\github\Sophomore---c-\大整数类\大整数类\Debug\link.7884.read.1.tlog
E:\program\github\Sophomore---c-\大整数类\大整数类\Debug\link.7884.write.1.tlog
E:\program\github\Sophomore---c-\大整数类\大整数类\Debug\link.7884-cvtres.read.1.tlog
E:\program\github\Sophomore---c-\大整数类\大整数类\Debug\link.7884-cvtres.write.1.tlog
E:\program\github\Sophomore---c-\大整数类\大整数类\Debug\link.8016.read.1.tlog
E:\program\github\Sophomore---c-\大整数类\大整数类\Debug\link.8016.write.1.tlog
E:\program\github\Sophomore---c-\大整数类\大整数类\Debug\link.8016-cvtres.read.1.tlog
E:\program\github\Sophomore---c-\大整数类\大整数类\Debug\link.8016-cvtres.write.1.tlog
E:\program\github\Sophomore---c-\大整数类\大整数类\Debug\link.command.1.tlog
E:\program\github\Sophomore---c-\大整数类\大整数类\Debug\link.read.1.tlog
E:\program\github\Sophomore---c-\大整数类\大整数类\Debug\link.write.1.tlog
E:\program\github\Sophomore---c-\大整数类\大整数类\Debug\link-cvtres.read.1.tlog
E:\program\github\Sophomore---c-\大整数类\大整数类\Debug\link-cvtres.write.1.tlog
E:\program\github\Sophomore---c-\大整数类\大整数类\Debug\mt.command.1.tlog
E:\program\github\Sophomore---c-\大整数类\大整数类\Debug\mt.read.1.tlog
E:\program\github\Sophomore---c-\大整数类\大整数类\Debug\mt.write.1.tlog
E:\program\github\Sophomore---c-\大整数类\大整数类\Debug\rc.command.1.tlog
E:\program\github\Sophomore---c-\大整数类\大整数类\Debug\rc.read.1.tlog
E:\program\github\Sophomore---c-\大整数类\大整数类\Debug\rc.write.1.tlog
E:\PROGRAM\GITHUB\SOPHOMORE---C-\大整数类\大整数类\DEBUG\STDAFX.OBJ
E:\program\github\Sophomore---c-\大整数类\大整数类\Debug\vc100.idb
E:\PROGRAM\GITHUB\SOPHOMORE---C-\大整数类\大整数类\DEBUG\VC100.PDB
E:\PROGRAM\GITHUB\SOPHOMORE---C-\大整数类\大整数类\DEBUG\大整数类.EXE.EMBED.MANIFEST
E:\PROGRAM\GITHUB\SOPHOMORE---C-\大整数类\大整数类\DEBUG\大整数类.EXE.EMBED.MANIFEST.RES
E:\PROGRAM\GITHUB\SOPHOMORE---C-\大整数类\大整数类\DEBUG\大整数类.EXE.INTERMEDIATE.MANIFEST
E:\PROGRAM\GITHUB\SOPHOMORE---C-\大整数类\大整数类\DEBUG\大整数类.OBJ
E:\PROGRAM\GITHUB\SOPHOMORE---C-\大整数类\大整数类\DEBUG\大整数类.PCH
E:\program\github\Sophomore---c-\大整数类\大整数类\Debug\大整数类.vcxprojResolveAssemblyReference.cache
E:\program\github\Sophomore---c-\大整数类\大整数类\Debug\大整数类.write.1.tlog
E:\program\github\Sophomore---c-\大整数类\大整数类\Debug\大整数类_manifest.rc
