E:\PROGRAM\GITHUB\SOPHOMORE---C-\保留字统计\DEBUG\保留字统计.EXE
E:\PROGRAM\GITHUB\SOPHOMORE---C-\保留字统计\DEBUG\保留字统计.ILK
E:\PROGRAM\GITHUB\SOPHOMORE---C-\保留字统计\DEBUG\保留字统计.PDB
E:\program\github\Sophomore---c-\保留字统计\保留字统计\Debug\cl.command.1.tlog
E:\program\github\Sophomore---c-\保留字统计\保留字统计\Debug\CL.read.1.tlog
E:\program\github\Sophomore---c-\保留字统计\保留字统计\Debug\CL.write.1.tlog
E:\program\github\Sophomore---c-\保留字统计\保留字统计\Debug\link.25072.read.1.tlog
E:\program\github\Sophomore---c-\保留字统计\保留字统计\Debug\link.25072.write.1.tlog
E:\program\github\Sophomore---c-\保留字统计\保留字统计\Debug\link.25072-cvtres.read.1.tlog
E:\program\github\Sophomore---c-\保留字统计\保留字统计\Debug\link.25072-cvtres.write.1.tlog
E:\program\github\Sophomore---c-\保留字统计\保留字统计\Debug\link.command.1.tlog
E:\program\github\Sophomore---c-\保留字统计\保留字统计\Debug\link.read.1.tlog
E:\program\github\Sophomore---c-\保留字统计\保留字统计\Debug\link.write.1.tlog
E:\program\github\Sophomore---c-\保留字统计\保留字统计\Debug\link-cvtres.read.1.tlog
E:\program\github\Sophomore---c-\保留字统计\保留字统计\Debug\link-cvtres.write.1.tlog
E:\program\github\Sophomore---c-\保留字统计\保留字统计\Debug\mt.command.1.tlog
E:\program\github\Sophomore---c-\保留字统计\保留字统计\Debug\mt.read.1.tlog
E:\program\github\Sophomore---c-\保留字统计\保留字统计\Debug\mt.write.1.tlog
E:\program\github\Sophomore---c-\保留字统计\保留字统计\Debug\rc.command.1.tlog
E:\program\github\Sophomore---c-\保留字统计\保留字统计\Debug\rc.read.1.tlog
E:\program\github\Sophomore---c-\保留字统计\保留字统计\Debug\rc.write.1.tlog
E:\PROGRAM\GITHUB\SOPHOMORE---C-\保留字统计\保留字统计\DEBUG\STDAFX.OBJ
E:\program\github\Sophomore---c-\保留字统计\保留字统计\Debug\vc100.idb
E:\PROGRAM\GITHUB\SOPHOMORE---C-\保留字统计\保留字统计\DEBUG\VC100.PDB
E:\PROGRAM\GITHUB\SOPHOMORE---C-\保留字统计\保留字统计\DEBUG\保留字统计.EXE.EMBED.MANIFEST
E:\PROGRAM\GITHUB\SOPHOMORE---C-\保留字统计\保留字统计\DEBUG\保留字统计.EXE.EMBED.MANIFEST.RES
E:\PROGRAM\GITHUB\SOPHOMORE---C-\保留字统计\保留字统计\DEBUG\保留字统计.EXE.INTERMEDIATE.MANIFEST
E:\PROGRAM\GITHUB\SOPHOMORE---C-\保留字统计\保留字统计\DEBUG\保留字统计.OBJ
E:\PROGRAM\GITHUB\SOPHOMORE---C-\保留字统计\保留字统计\DEBUG\保留字统计.PCH
E:\program\github\Sophomore---c-\保留字统计\保留字统计\Debug\保留字统计.write.1.tlog
E:\program\github\Sophomore---c-\保留字统计\保留字统计\Debug\保留字统计_manifest.rc
